Using pre-set license
Built from '2020.3/staging' branch; Version is '2020.3.8f1 (507919d4fff5) revision 5273881'; Using compiler version '192528614'; Build Type 'Release'
OS: 'Windows 10 Pro; OS build 19042.1348; Version 2009; 64bit' Language: 'nl' Physical Memory: 16201 MB
BatchMode: 1, IsHumanControllingUs: 0, StartBugReporterOnCrash: 0, Is64bit: 1, IsPro: 0

 COMMAND LINE ARGUMENTS:
C:\Program Files\Unity\Hub\Editor\2020.3.8f1\Editor\Unity.exe
-adb2
-batchMode
-noUpm
-name
AssetImportWorker0
-projectPath
C:/Users/jsnel/OneDrive/Bureaublad/MAD emergent art center/Mirror
-logFile
Logs/AssetImportWorker0.log
-srvPort
65154
Successfully changed project path to: C:/Users/jsnel/OneDrive/Bureaublad/MAD emergent art center/Mirror
C:/Users/jsnel/OneDrive/Bureaublad/MAD emergent art center/Mirror
Using Asset Import Pipeline V2.
Refreshing native plugins compatible for Editor in 32.52 ms, found 0 plugins.
Preloading 0 native plugins for Editor in 0.00 ms.
Initialize engine version: 2020.3.8f1 (507919d4fff5)
[Subsystems] Discovering subsystems at path C:/Program Files/Unity/Hub/Editor/2020.3.8f1/Editor/Data/Resources/UnitySubsystems
[Subsystems] Discovering subsystems at path C:/Users/jsnel/OneDrive/Bureaublad/MAD emergent art center/Mirror/Assets
GfxDevice: creating device client; threaded=0
Direct3D:
    Version:  Direct3D 11.0 [level 11.1]
    Renderer: NVIDIA GeForce RTX 2070 with Max-Q Design (ID=0x1f14)
    Vendor:   
    VRAM:     8031 MB
    Driver:   30.0.14.7212
Initialize mono
Mono path[0] = 'C:/Program Files/Unity/Hub/Editor/2020.3.8f1/Editor/Data/Managed'
Mono path[1] = 'C:/Program Files/Unity/Hub/Editor/2020.3.8f1/Editor/Data/MonoBleedingEdge/lib/mono/unityjit'
Mono config path = 'C:/Program Files/Unity/Hub/Editor/2020.3.8f1/Editor/Data/MonoBleedingEdge/etc'
Using monoOptions --debugger-agent=transport=dt_socket,embedding=1,server=y,suspend=n,address=127.0.0.1:56172
Begin MonoManager ReloadAssembly
Registering precompiled unity dll's ...
Register platform support module: C:/Program Files/Unity/Hub/Editor/2020.3.8f1/Editor/Data/PlaybackEngines/WindowsStandaloneSupport/UnityEditor.WindowsStandalone.Extensions.dll
Registered in 0.001954 seconds.
Native extension for WindowsStandalone target not found
Refreshing native plugins compatible for Editor in 42.50 ms, found 0 plugins.
Preloading 0 native plugins for Editor in 0.00 ms.
Mono: successfully reloaded assembly
- Completed reload, in  1.151 seconds
Platform modules already initialized, skipping
Registering precompiled user dll's ...
Registered in 0.004183 seconds.
Begin MonoManager ReloadAssembly
Native extension for WindowsStandalone target not found
Refreshing native plugins compatible for Editor in 30.53 ms, found 0 plugins.
Preloading 0 native plugins for Editor in 0.00 ms.
Mono: successfully reloaded assembly
- Completed reload, in  0.987 seconds
Platform modules already initialized, skipping
========================================================================
Worker process is ready to serve import requests
Launched and connected shader compiler UnityShaderCompiler.exe after 0.04 seconds
Refreshing native plugins compatible for Editor in 0.29 ms, found 0 plugins.
Preloading 0 native plugins for Editor in 0.00 ms.
Unloading 1828 Unused Serialized files (Serialized files now loaded: 0)
System memory in use before: 83.2 MB.
System memory in use after: 83.2 MB.

Unloading 18 unused Assets to reduce memory usage. Loaded Objects now: 2268.
Total: 1.872700 ms (FindLiveObjects: 0.369200 ms CreateObjectMapping: 0.080100 ms MarkObjects: 1.356000 ms  DeleteObjects: 0.066700 ms)

========================================================================
Received Import Request.
  path: Assets/Tutorials/Lobby/Input/Controls.inputactions
  artifactKey: Guid(cea384581c8f15046964879bc16d4a35) Importer(815301076,1909f56bfc062723c751e8b465ee728b)
Start importing Assets/Tutorials/Lobby/Input/Controls.inputactions using Guid(cea384581c8f15046964879bc16d4a35) Importer(815301076,1909f56bfc062723c751e8b465ee728b)  -> (artifact id: 'b09ad7adb776e4c0bb767faa794d9a8b') in 0.041478 seconds
  Import took 0.044748 seconds .

========================================================================
Received Prepare
Registering precompiled user dll's ...
Registered in 0.002603 seconds.
Begin MonoManager ReloadAssembly
Native extension for WindowsStandalone target not found
Refreshing native plugins compatible for Editor in 0.63 ms, found 0 plugins.
Preloading 0 native plugins for Editor in 0.00 ms.
Mono: successfully reloaded assembly
- Completed reload, in  1.145 seconds
Platform modules already initialized, skipping
Refreshing native plugins compatible for Editor in 0.70 ms, found 0 plugins.
Preloading 0 native plugins for Editor in 0.00 ms.
Unloading 1808 Unused Serialized files (Serialized files now loaded: 0)
System memory in use before: 81.9 MB.
System memory in use after: 81.9 MB.

Unloading 11 unused Assets to reduce memory usage. Loaded Objects now: 2271.
Total: 3.208900 ms (FindLiveObjects: 0.265900 ms CreateObjectMapping: 0.300700 ms MarkObjects: 2.520000 ms  DeleteObjects: 0.120800 ms)

========================================================================
Received Import Request.
  Time since last request: 34.499293 seconds.
  path: Assets/Tutorials/Lobby/Scripts/PlayerMovementController.cs
  artifactKey: Guid(5cdef5aacca60af4e88db9f595f00e15) Importer(815301076,1909f56bfc062723c751e8b465ee728b)
Start importing Assets/Tutorials/Lobby/Scripts/PlayerMovementController.cs using Guid(5cdef5aacca60af4e88db9f595f00e15) Importer(815301076,1909f56bfc062723c751e8b465ee728b)  -> (artifact id: '726e7fc8d030940111285bc78991499f') in 0.012246 seconds
  Import took 0.015599 seconds .

========================================================================
Received Import Request.
  Time since last request: 0.002573 seconds.
  path: Assets/Tutorials/Lobby/Scripts/PlayerMovementController.cs
  artifactKey: Guid(5cdef5aacca60af4e88db9f595f00e15) Importer(815301076,1909f56bfc062723c751e8b465ee728b)
Start importing Assets/Tutorials/Lobby/Scripts/PlayerMovementController.cs using Guid(5cdef5aacca60af4e88db9f595f00e15) Importer(815301076,1909f56bfc062723c751e8b465ee728b)  -> (artifact id: '726e7fc8d030940111285bc78991499f') in 0.002827 seconds
  Import took 0.005619 seconds .

========================================================================
Received Prepare
Registering precompiled user dll's ...
Registered in 0.002323 seconds.
Begin MonoManager ReloadAssembly
Native extension for WindowsStandalone target not found
Refreshing native plugins compatible for Editor in 0.34 ms, found 0 plugins.
Preloading 0 native plugins for Editor in 0.00 ms.
Mono: successfully reloaded assembly
- Completed reload, in  0.820 seconds
Platform modules already initialized, skipping
Refreshing native plugins compatible for Editor in 0.32 ms, found 0 plugins.
Preloading 0 native plugins for Editor in 0.00 ms.
Unloading 1809 Unused Serialized files (Serialized files now loaded: 0)
System memory in use before: 81.9 MB.
System memory in use after: 82.0 MB.

Unloading 11 unused Assets to reduce memory usage. Loaded Objects now: 2275.
Total: 1.666000 ms (FindLiveObjects: 0.159200 ms CreateObjectMapping: 0.065500 ms MarkObjects: 1.392600 ms  DeleteObjects: 0.047900 ms)

========================================================================
Received Prepare
Registering precompiled user dll's ...
Registered in 0.002480 seconds.
Begin MonoManager ReloadAssembly
Native extension for WindowsStandalone target not found
Refreshing native plugins compatible for Editor in 0.28 ms, found 0 plugins.
Preloading 0 native plugins for Editor in 0.00 ms.
Mono: successfully reloaded assembly
- Completed reload, in  0.775 seconds
Platform modules already initialized, skipping
Refreshing native plugins compatible for Editor in 0.28 ms, found 0 plugins.
Preloading 0 native plugins for Editor in 0.00 ms.
Unloading 1809 Unused Serialized files (Serialized files now loaded: 0)
System memory in use before: 81.9 MB.
System memory in use after: 82.0 MB.

Unloading 11 unused Assets to reduce memory usage. Loaded Objects now: 2278.
Total: 1.616200 ms (FindLiveObjects: 0.150400 ms CreateObjectMapping: 0.057800 ms MarkObjects: 1.361400 ms  DeleteObjects: 0.045900 ms)

========================================================================
Received Import Request.
  Time since last request: 781.817337 seconds.
  path: Assets/Tutorials/Lobby/Scripts/PlayerMovementController.cs
  artifactKey: Guid(5cdef5aacca60af4e88db9f595f00e15) Importer(815301076,1909f56bfc062723c751e8b465ee728b)
Start importing Assets/Tutorials/Lobby/Scripts/PlayerMovementController.cs using Guid(5cdef5aacca60af4e88db9f595f00e15) Importer(815301076,1909f56bfc062723c751e8b465ee728b)  -> (artifact id: '2bc43da4c4a7372559ba3471d732d3bc') in 0.004730 seconds
  Import took 0.009193 seconds .

========================================================================
Received Import Request.
  Time since last request: 116.688401 seconds.
  path: Assets/Tutorials/Lobby/Resources/SpawnablePrefabs/Player.prefab
  artifactKey: Guid(535cd7d2257b04543b0e25a597b808fe) Importer(815301076,1909f56bfc062723c751e8b465ee728b)
Start importing Assets/Tutorials/Lobby/Resources/SpawnablePrefabs/Player.prefab using Guid(535cd7d2257b04543b0e25a597b808fe) Importer(815301076,1909f56bfc062723c751e8b465ee728b)  -> (artifact id: '3aa17d8a84df38a0933bc831a179bb62') in 0.120750 seconds
  Import took 0.125273 seconds .

========================================================================
Received Prepare
Refreshing native plugins compatible for Editor in 1.77 ms, found 0 plugins.
Preloading 0 native plugins for Editor in 0.00 ms.
Unloading 8 Unused Serialized files (Serialized files now loaded: 0)
System memory in use before: 49.5 MB.
System memory in use after: 49.6 MB.

Unloading 9 unused Assets to reduce memory usage. Loaded Objects now: 2287.
Total: 2.080800 ms (FindLiveObjects: 0.167800 ms CreateObjectMapping: 0.061000 ms MarkObjects: 1.810300 ms  DeleteObjects: 0.041000 ms)

========================================================================
Received Prepare
Registering precompiled user dll's ...
Registered in 0.002842 seconds.
Begin MonoManager ReloadAssembly
Native extension for WindowsStandalone target not found
Refreshing native plugins compatible for Editor in 0.36 ms, found 0 plugins.
Preloading 0 native plugins for Editor in 0.00 ms.
Mono: successfully reloaded assembly
- Completed reload, in  1.077 seconds
Platform modules already initialized, skipping
Refreshing native plugins compatible for Editor in 0.58 ms, found 0 plugins.
Preloading 0 native plugins for Editor in 0.00 ms.
Unloading 1809 Unused Serialized files (Serialized files now loaded: 0)
System memory in use before: 85.1 MB.
System memory in use after: 85.2 MB.

Unloading 11 unused Assets to reduce memory usage. Loaded Objects now: 2290.
Total: 3.519900 ms (FindLiveObjects: 0.395000 ms CreateObjectMapping: 0.218300 ms MarkObjects: 2.827100 ms  DeleteObjects: 0.077800 ms)

========================================================================
Received Prepare
Refreshing native plugins compatible for Editor in 2.28 ms, found 0 plugins.
Preloading 0 native plugins for Editor in 0.00 ms.
Unloading 8 Unused Serialized files (Serialized files now loaded: 0)
System memory in use before: 49.0 MB.
System memory in use after: 49.1 MB.

Unloading 8 unused Assets to reduce memory usage. Loaded Objects now: 2290.
Total: 2.062800 ms (FindLiveObjects: 0.190600 ms CreateObjectMapping: 0.070600 ms MarkObjects: 1.733600 ms  DeleteObjects: 0.066600 ms)

========================================================================
Received Prepare
Registering precompiled user dll's ...
Registered in 0.003297 seconds.
Begin MonoManager ReloadAssembly
Native extension for WindowsStandalone target not found
Refreshing native plugins compatible for Editor in 0.71 ms, found 0 plugins.
Preloading 0 native plugins for Editor in 0.00 ms.
Mono: successfully reloaded assembly
- Completed reload, in  1.290 seconds
Platform modules already initialized, skipping
Refreshing native plugins compatible for Editor in 0.40 ms, found 0 plugins.
Preloading 0 native plugins for Editor in 0.00 ms.
Unloading 1809 Unused Serialized files (Serialized files now loaded: 0)
System memory in use before: 85.1 MB.
System memory in use after: 85.2 MB.

Unloading 11 unused Assets to reduce memory usage. Loaded Objects now: 2293.
Total: 4.066800 ms (FindLiveObjects: 0.416700 ms CreateObjectMapping: 0.106200 ms MarkObjects: 3.433900 ms  DeleteObjects: 0.106300 ms)

========================================================================
Received Import Request.
  Time since last request: 259.393901 seconds.
  path: Assets/Tutorials/Lobby/Resources/SpawnablePrefabs/Player.prefab
  artifactKey: Guid(535cd7d2257b04543b0e25a597b808fe) Importer(815301076,1909f56bfc062723c751e8b465ee728b)
Start importing Assets/Tutorials/Lobby/Resources/SpawnablePrefabs/Player.prefab using Guid(535cd7d2257b04543b0e25a597b808fe) Importer(815301076,1909f56bfc062723c751e8b465ee728b)  -> (artifact id: 'e00a8679b8b35ece5f5f069678e9698f') in 0.095670 seconds
  Import took 0.100418 seconds .

========================================================================
Received Import Request.
  Time since last request: 0.021373 seconds.
  path: Assets/Tutorials/Lobby/Resources/SpawnablePrefabs/Player.prefab
  artifactKey: Guid(535cd7d2257b04543b0e25a597b808fe) Importer(815301076,1909f56bfc062723c751e8b465ee728b)
Start importing Assets/Tutorials/Lobby/Resources/SpawnablePrefabs/Player.prefab using Guid(535cd7d2257b04543b0e25a597b808fe) Importer(815301076,1909f56bfc062723c751e8b465ee728b)  -> (artifact id: 'e00a8679b8b35ece5f5f069678e9698f') in 0.011525 seconds
  Import took 0.015683 seconds .

========================================================================
Received Prepare
Refreshing native plugins compatible for Editor in 2.17 ms, found 0 plugins.
Preloading 0 native plugins for Editor in 0.00 ms.
Unloading 8 Unused Serialized files (Serialized files now loaded: 0)
System memory in use before: 49.4 MB.
System memory in use after: 49.5 MB.

Unloading 9 unused Assets to reduce memory usage. Loaded Objects now: 2294.
Total: 2.990600 ms (FindLiveObjects: 0.392300 ms CreateObjectMapping: 0.137400 ms MarkObjects: 2.377500 ms  DeleteObjects: 0.080500 ms)

========================================================================
Received Prepare
Registering precompiled user dll's ...
Registered in 0.003652 seconds.
Begin MonoManager ReloadAssembly
Native extension for WindowsStandalone target not found
Refreshing native plugins compatible for Editor in 0.59 ms, found 0 plugins.
Preloading 0 native plugins for Editor in 0.00 ms.
Mono: successfully reloaded assembly
- Completed reload, in  1.191 seconds
Platform modules already initialized, skipping
Refreshing native plugins compatible for Editor in 0.46 ms, found 0 plugins.
Preloading 0 native plugins for Editor in 0.00 ms.
Unloading 1809 Unused Serialized files (Serialized files now loaded: 0)
System memory in use before: 85.1 MB.
System memory in use after: 85.2 MB.

Unloading 11 unused Assets to reduce memory usage. Loaded Objects now: 2297.
Total: 3.635600 ms (FindLiveObjects: 0.280700 ms CreateObjectMapping: 0.101000 ms MarkObjects: 3.134400 ms  DeleteObjects: 0.117400 ms)

AssetImportWorkerClient::OnTransportError - code=2 error=End of file
